[ 2017-04-19T14:44:43+08:00 ] 192.168.1.53 192.168.1.53 GET /
[ log ] ymz.ebpb.cn/ [运行时间：0.048030s] [吞吐率：20.82req/s] [内存消耗：1,254.41kb] [文件加载：43]
[ info ] [ BEHAVIOR ] Run app\common\behavior\AppInit @app_init [ RunTime:0.002002s ]
[ info ] [ ROUTE ] array (
  'type' => 'module',
  'module' => 
  array (
    0 => '',
    1 => NULL,
    2 => NULL,
  ),
)
[ info ] [ RUN ] D:\partybuildeb\application\home\controller\Index.php[ array (
) ]
[ info ] [ SESSION ] INIT array (
  'id' => '',
  'var_session_id' => '',
  'prefix' => 'think',
  'type' => '',
  'auto_start' => true,
)
[ info ] [ LANG ] D:\partybuildeb\thinkphp\lang\zh-cn.php
[ info ] [ LANG ] D:\partybuildeb\thinkphp\lang\zh-cn.php
[ info ] [ LOG ] INIT File: array (
  'path' => 'D:\\partybuildeb\\public/..\\runtime\\log\\',
)
[ error ] [1]Class 'app\home\model\Message' not found[D:\partybuildeb\application\home\controller\Index.php:35]

[ 2017-04-19T14:44:44+08:00 ] 192.168.1.53 192.168.1.53 GET /
[ log ] ymz.ebpb.cn/ [运行时间：0.019403s] [吞吐率：51.54req/s] [内存消耗：1,253.95kb] [文件加载：43]
[ info ] [ BEHAVIOR ] Run app\common\behavior\AppInit @app_init [ RunTime:0.001751s ]
[ info ] [ ROUTE ] array (
  'type' => 'module',
  'module' => 
  array (
    0 => '',
    1 => NULL,
    2 => NULL,
  ),
)
[ info ] [ RUN ] D:\partybuildeb\application\home\controller\Index.php[ array (
) ]
[ info ] [ SESSION ] INIT array (
  'id' => '',
  'var_session_id' => '',
  'prefix' => 'think',
  'type' => '',
  'auto_start' => true,
)
[ info ] [ LANG ] D:\partybuildeb\thinkphp\lang\zh-cn.php
[ info ] [ LANG ] D:\partybuildeb\thinkphp\lang\zh-cn.php
[ info ] [ LOG ] INIT File: array (
  'path' => 'D:\\partybuildeb\\public/..\\runtime\\log\\',
)
[ error ] [1]Class 'app\home\model\Message' not found[D:\partybuildeb\application\home\controller\Index.php:35]

[ 2017-04-19T14:44:45+08:00 ] 192.168.1.53 192.168.1.53 GET /
[ log ] ymz.ebpb.cn/ [运行时间：0.018904s] [吞吐率：52.90req/s] [内存消耗：1,253.95kb] [文件加载：43]
[ info ] [ BEHAVIOR ] Run app\common\behavior\AppInit @app_init [ RunTime:0.001689s ]
[ info ] [ ROUTE ] array (
  'type' => 'module',
  'module' => 
  array (
    0 => '',
    1 => NULL,
    2 => NULL,
  ),
)
[ info ] [ RUN ] D:\partybuildeb\application\home\controller\Index.php[ array (
) ]
[ info ] [ SESSION ] INIT array (
  'id' => '',
  'var_session_id' => '',
  'prefix' => 'think',
  'type' => '',
  'auto_start' => true,
)
[ info ] [ LANG ] D:\partybuildeb\thinkphp\lang\zh-cn.php
[ info ] [ LANG ] D:\partybuildeb\thinkphp\lang\zh-cn.php
[ info ] [ LOG ] INIT File: array (
  'path' => 'D:\\partybuildeb\\public/..\\runtime\\log\\',
)
[ error ] [1]Class 'app\home\model\Message' not found[D:\partybuildeb\application\home\controller\Index.php:35]

[ 2017-04-19T14:46:07+08:00 ] 192.168.1.53 192.168.1.53 GET /
[ log ] ymz.ebpb.cn/ [运行时间：0.023577s] [吞吐率：42.41req/s] [内存消耗：1,228.98kb] [文件加载：38]
[ info ] [ BEHAVIOR ] Run app\common\behavior\AppInit @app_init [ RunTime:0.002106s ]
[ info ] [ ROUTE ] array (
  'type' => 'module',
  'module' => 
  array (
    0 => '',
    1 => NULL,
    2 => NULL,
  ),
)
[ info ] [ RUN ] D:\partybuildeb\application\home\controller\Index.php[ array (
) ]
[ info ] [ VIEW ] D:\partybuildeb\public/../application/home\view\index\index.html [ array (
) ]
[ info ] [ LOG ] INIT File: array (
  'path' => 'D:\\partybuildeb\\public/..\\runtime\\log\\',
)

[ 2017-04-19T14:46:26+08:00 ] 192.168.1.53 192.168.1.53 GET /admin/index
[ log ] ymz.ebpb.cn/admin/index [运行时间：0.019615s] [吞吐率：50.98req/s] [内存消耗：1,471.64kb] [文件加载：42]
[ info ] [ BEHAVIOR ] Run app\common\behavior\AppInit @app_init [ RunTime:0.001599s ]
[ info ] [ ROUTE ] array (
  'type' => 'module',
  'module' => 
  array (
    0 => 'admin',
    1 => 'index',
    2 => NULL,
  ),
)
[ info ] [ SESSION ] INIT array (
  'id' => '',
  'var_session_id' => '',
  'prefix' => 'think',
  'type' => '',
  'auto_start' => true,
)
[ info ] [ CACHE ] INIT File:array (
  'type' => 'File',
  'path' => 'D:\\partybuildeb\\public/..\\runtime\\cache\\',
  'prefix' => '',
  'expire' => 0,
)
[ info ] [ LOG ] INIT File: array (
)

[ 2017-04-19T14:46:26+08:00 ] 192.168.1.53 192.168.1.53 GET /admin/base/login.html
[ log ] ymz.ebpb.cn/admin/base/login.html [运行时间：0.068008s] [吞吐率：14.70req/s] [内存消耗：2,440.29kb] [文件加载：51]
[ info ] [ BEHAVIOR ] Run app\common\behavior\AppInit @app_init [ RunTime:0.002149s ]
[ info ] [ ROUTE ] array (
  'type' => 'module',
  'module' => 
  array (
    0 => 'admin',
    1 => 'base',
    2 => 'login',
  ),
)
[ info ] [ RUN ] D:\partybuildeb\application\admin\controller\Base.php[ array (
  0 => NULL,
  1 => NULL,
  2 => NULL,
) ]
[ info ] [ SESSION ] INIT array (
  'id' => '',
  'var_session_id' => '',
  'prefix' => 'think',
  'type' => '',
  'auto_start' => true,
)
[ info ] [ CACHE ] INIT File:array (
  'type' => 'File',
  'path' => 'D:\\partybuildeb\\public/..\\runtime\\cache\\',
  'prefix' => '',
  'expire' => 0,
)
[ info ] [ DB ] INIT mysql:array (
  'type' => 'mysql',
  'dsn' => '',
  'hostname' => '192.168.1.54',
  'database' => 'partybuildeb',
  'username' => 'guest',
  'password' => '123456',
  'hostport' => '3306',
  'params' => 
  array (
  ),
  'charset' => 'utf8',
  'prefix' => 'pb_',
  'debug' => true,
  'deploy' => 0,
  'rw_separate' => false,
  'master_num' => 1,
  'slave_no' => '',
  'fields_strict' => true,
  'auto_timestamp' => false,
)
[ info ] [ DB ] CONNECT: mysql:dbname=partybuildeb;host=192.168.1.54;port=3306;charset=utf8
[ info ] [ VIEW ] D:\partybuildeb\public/../application/admin\view\base\login.html [ array (
) ]
[ info ] [ LOG ] INIT File: array (
)
[ sql ] [ SQL ] SELECT * FROM `pb_config`  [ RunTime:0.005670s ]

[ 2017-04-19T14:46:29+08:00 ] 192.168.1.53 192.168.1.53 POST /admin/base/login.html
[ log ] ymz.ebpb.cn/admin/base/login.html [运行时间：0.101774s] [吞吐率：9.83req/s] [内存消耗：2,301.98kb] [文件加载：53]
[ info ] [ BEHAVIOR ] Run app\common\behavior\AppInit @app_init [ RunTime:0.001719s ]
[ info ] [ ROUTE ] array (
  'type' => 'module',
  'module' => 
  array (
    0 => 'admin',
    1 => 'base',
    2 => 'login',
  ),
)
[ info ] [ RUN ] D:\partybuildeb\application\admin\controller\Base.php[ array (
  0 => 'admin',
  1 => 'admin',
  2 => NULL,
) ]
[ info ] [ DB ] INIT mysql:array (
  'type' => 'mysql',
  'dsn' => '',
  'hostname' => '192.168.1.54',
  'database' => 'partybuildeb',
  'username' => 'guest',
  'password' => '123456',
  'hostport' => '3306',
  'params' => 
  array (
  ),
  'charset' => 'utf8',
  'prefix' => 'pb_',
  'debug' => true,
  'deploy' => 0,
  'rw_separate' => false,
  'master_num' => 1,
  'slave_no' => '',
  'fields_strict' => true,
  'auto_timestamp' => false,
)
[ info ] [ DB ] CONNECT: mysql:dbname=partybuildeb;host=192.168.1.54;port=3306;charset=utf8
[ info ] [ SESSION ] INIT array (
  'id' => '',
  'var_session_id' => '',
  'prefix' => 'think',
  'type' => '',
  'auto_start' => true,
)
[ info ] [ CACHE ] INIT File:array (
  'type' => 'File',
  'path' => 'D:\\partybuildeb\\public/..\\runtime\\cache\\',
  'prefix' => '',
  'expire' => 0,
)
[ info ] [ LOG ] INIT File: array (
)
[ sql ] [ SQL ] SELECT * FROM `pb_ucenter_member` WHERE  `username` = 'admin' LIMIT 1   [ RunTime:0.003483s ]
[ sql ] [ SQL ] SELECT * FROM `pb_member` WHERE  `id` = '1' LIMIT 1    [ RunTime:0.003554s ]
[ sql ] [ SQL ] UPDATE `pb_member` SET `login_total`=`login_total`+1,`last_login_time`='1492584389',`last_login_ip`='3232235829'   WHERE  `id` = '1'      [ RunTime:0.002718s ]
[ sql ] [ SQL ] SELECT * FROM `pb_auth_group_access` WHERE  (  uid=1 ) LIMIT 1   [ RunTime:0.002942s ]

[ 2017-04-19T14:46:29+08:00 ] 192.168.1.53 192.168.1.53 GET /admin/index/index.html
[ log ] ymz.ebpb.cn/admin/index/index.html [运行时间：0.109844s] [吞吐率：9.10req/s] [内存消耗：2,605.12kb] [文件加载：53]
[ info ] [ BEHAVIOR ] Run app\common\behavior\AppInit @app_init [ RunTime:0.001665s ]
[ info ] [ ROUTE ] array (
  'type' => 'module',
  'module' => 
  array (
    0 => 'admin',
    1 => 'index',
    2 => 'index',
  ),
)
[ info ] [ SESSION ] INIT array (
  'id' => '',
  'var_session_id' => '',
  'prefix' => 'think',
  'type' => '',
  'auto_start' => true,
)
[ info ] [ CACHE ] INIT File:array (
  'type' => 'File',
  'path' => 'D:\\partybuildeb\\public/..\\runtime\\cache\\',
  'prefix' => '',
  'expire' => 0,
)
[ info ] [ DB ] INIT mysql:array (
  'type' => 'mysql',
  'dsn' => '',
  'hostname' => '192.168.1.54',
  'database' => 'partybuildeb',
  'username' => 'guest',
  'password' => '123456',
  'hostport' => '3306',
  'params' => 
  array (
  ),
  'charset' => 'utf8',
  'prefix' => 'pb_',
  'debug' => true,
  'deploy' => 0,
  'rw_separate' => false,
  'master_num' => 1,
  'slave_no' => '',
  'fields_strict' => true,
  'auto_timestamp' => false,
)
[ info ] [ DB ] CONNECT: mysql:dbname=partybuildeb;host=192.168.1.54;port=3306;charset=utf8
[ info ] [ RUN ] D:\partybuildeb\application\admin\controller\Index.php[ array (
) ]
[ info ] [ VIEW ] D:\partybuildeb\public/../application/admin\view\index\index.html [ array (
  0 => '__MENU__',
  1 => 'subMenu',
  2 => 'user',
) ]
[ info ] [ LOG ] INIT File: array (
)
[ sql ] [ SQL ] SELECT * FROM `pb_menu` WHERE  `pid` = 0  AND `hide` = 0  AND `is_dev` = 0 ORDER BY `sort`  asc  [ RunTime:0.003593s ]
[ sql ] [ SQL ] SELECT * FROM `pb_menu` WHERE  `pid` = '1'  AND `hide` = '0' ORDER BY `sort`  asc    [ RunTime:0.002739s ]
[ sql ] [ SQL ] SELECT * FROM `pb_menu` WHERE  `pid` = '5'  AND `hide` = '0' ORDER BY `sort`  asc    [ RunTime:0.003127s ]
[ sql ] [ SQL ] SELECT * FROM `pb_menu` WHERE  `pid` = '6'  AND `hide` = '0' ORDER BY `sort`  asc    [ RunTime:0.003486s ]
[ sql ] [ SQL ] SELECT * FROM `pb_menu` WHERE  `pid` = '25'  AND `hide` = '0' ORDER BY `sort`  asc    [ RunTime:0.002724s ]
[ sql ] [ SQL ] SELECT * FROM `pb_menu` WHERE  `url` LIKE '%index/index%' ORDER BY id desc LIMIT 1   [ RunTime:0.002905s ]

[ 2017-04-19T14:46:34+08:00 ] 192.168.1.53 192.168.1.53 GET /admin/wechat/user.html
[ log ] ymz.ebpb.cn/admin/wechat/user.html [运行时间：0.105422s] [吞吐率：9.49req/s] [内存消耗：2,719.19kb] [文件加载：56]
[ info ] [ BEHAVIOR ] Run app\common\behavior\AppInit @app_init [ RunTime:0.001592s ]
[ info ] [ ROUTE ] array (
  'type' => 'module',
  'module' => 
  array (
    0 => 'admin',
    1 => 'wechat',
    2 => 'user',
  ),
)
[ info ] [ SESSION ] INIT array (
  'id' => '',
  'var_session_id' => '',
  'prefix' => 'think',
  'type' => '',
  'auto_start' => true,
)
[ info ] [ CACHE ] INIT File:array (
  'type' => 'File',
  'path' => 'D:\\partybuildeb\\public/..\\runtime\\cache\\',
  'prefix' => '',
  'expire' => 0,
)
[ info ] [ DB ] INIT mysql:array (
  'type' => 'mysql',
  'dsn' => '',
  'hostname' => '192.168.1.54',
  'database' => 'partybuildeb',
  'username' => 'guest',
  'password' => '123456',
  'hostport' => '3306',
  'params' => 
  array (
  ),
  'charset' => 'utf8',
  'prefix' => 'pb_',
  'debug' => true,
  'deploy' => 0,
  'rw_separate' => false,
  'master_num' => 1,
  'slave_no' => '',
  'fields_strict' => true,
  'auto_timestamp' => false,
)
[ info ] [ DB ] CONNECT: mysql:dbname=partybuildeb;host=192.168.1.54;port=3306;charset=utf8
[ info ] [ RUN ] D:\partybuildeb\application\admin\controller\Wechat.php[ array (
) ]
[ info ] [ VIEW ] D:\partybuildeb\public/../application/admin\view\wechat\user.html [ array (
  0 => '__MENU__',
  1 => 'subMenu',
  2 => 'user',
  3 => '_page',
  4 => '_total',
  5 => 'list',
  6 => 'department',
) ]
[ info ] [ LOG ] INIT File: array (
)
[ sql ] [ SQL ] SELECT * FROM `pb_menu` WHERE  `pid` = 0  AND `hide` = 0  AND `is_dev` = 0 ORDER BY `sort`  asc  [ RunTime:0.003618s ]
[ sql ] [ SQL ] SELECT * FROM `pb_menu` WHERE  `pid` = '1'  AND `hide` = '0' ORDER BY `sort`  asc    [ RunTime:0.002662s ]
[ sql ] [ SQL ] SELECT * FROM `pb_menu` WHERE  `pid` = '5'  AND `hide` = '0' ORDER BY `sort`  asc    [ RunTime:0.003058s ]
[ sql ] [ SQL ] SELECT * FROM `pb_menu` WHERE  `pid` = '6'  AND `hide` = '0' ORDER BY `sort`  asc    [ RunTime:0.002860s ]
[ sql ] [ SQL ] SELECT * FROM `pb_menu` WHERE  `pid` = '25'  AND `hide` = '0' ORDER BY `sort`  asc    [ RunTime:0.002003s ]
[ sql ] [ SQL ] SELECT * FROM `pb_menu` WHERE  `url` LIKE '%wechat/user%' ORDER BY id desc LIMIT 1   [ RunTime:0.001932s ]
[ sql ] [ SQL ] SELECT COUNT(*) AS tp_count FROM `pb_wechat_user` WHERE  `name` LIKE '%%' LIMIT 1   [ RunTime:0.001831s ]
[ sql ] [ SQL ] SELECT * FROM `pb_wechat_user` WHERE  `name` LIKE '%%' ORDER BY id desc LIMIT 0,10   [ RunTime:0.003296s ]
[ sql ] [ SQL ] SELECT `id`,`name` FROM `pb_wechat_department`  [ RunTime:0.001745s ]

[ 2017-04-19T14:46:35+08:00 ] 192.168.1.53 192.168.1.53 GET /admin/wechat/department.html
[ log ] ymz.ebpb.cn/admin/wechat/department.html [运行时间：0.124828s] [吞吐率：8.01req/s] [内存消耗：2,683.78kb] [文件加载：55]
[ info ] [ BEHAVIOR ] Run app\common\behavior\AppInit @app_init [ RunTime:0.002175s ]
[ info ] [ ROUTE ] array (
  'type' => 'module',
  'module' => 
  array (
    0 => 'admin',
    1 => 'wechat',
    2 => 'department',
  ),
)
[ info ] [ SESSION ] INIT array (
  'id' => '',
  'var_session_id' => '',
  'prefix' => 'think',
  'type' => '',
  'auto_start' => true,
)
[ info ] [ CACHE ] INIT File:array (
  'type' => 'File',
  'path' => 'D:\\partybuildeb\\public/..\\runtime\\cache\\',
  'prefix' => '',
  'expire' => 0,
)
[ info ] [ DB ] INIT mysql:array (
  'type' => 'mysql',
  'dsn' => '',
  'hostname' => '192.168.1.54',
  'database' => 'partybuildeb',
  'username' => 'guest',
  'password' => '123456',
  'hostport' => '3306',
  'params' => 
  array (
  ),
  'charset' => 'utf8',
  'prefix' => 'pb_',
  'debug' => true,
  'deploy' => 0,
  'rw_separate' => false,
  'master_num' => 1,
  'slave_no' => '',
  'fields_strict' => true,
  'auto_timestamp' => false,
)
[ info ] [ DB ] CONNECT: mysql:dbname=partybuildeb;host=192.168.1.54;port=3306;charset=utf8
[ info ] [ RUN ] D:\partybuildeb\application\admin\controller\Wechat.php[ array (
) ]
[ info ] [ VIEW ] D:\partybuildeb\public/../application/admin\view\wechat\department.html [ array (
  0 => '__MENU__',
  1 => 'subMenu',
  2 => 'user',
  3 => '_page',
  4 => '_total',
  5 => 'list',
) ]
[ info ] [ LOG ] INIT File: array (
)
[ sql ] [ SQL ] SELECT * FROM `pb_menu` WHERE  `pid` = 0  AND `hide` = 0  AND `is_dev` = 0 ORDER BY `sort`  asc  [ RunTime:0.004328s ]
[ sql ] [ SQL ] SELECT * FROM `pb_menu` WHERE  `pid` = '1'  AND `hide` = '0' ORDER BY `sort`  asc    [ RunTime:0.003155s ]
[ sql ] [ SQL ] SELECT * FROM `pb_menu` WHERE  `pid` = '5'  AND `hide` = '0' ORDER BY `sort`  asc    [ RunTime:0.002894s ]
[ sql ] [ SQL ] SELECT * FROM `pb_menu` WHERE  `pid` = '6'  AND `hide` = '0' ORDER BY `sort`  asc    [ RunTime:0.003903s ]
[ sql ] [ SQL ] SELECT * FROM `pb_menu` WHERE  `pid` = '25'  AND `hide` = '0' ORDER BY `sort`  asc    [ RunTime:0.002997s ]
[ sql ] [ SQL ] SELECT * FROM `pb_menu` WHERE  `url` LIKE '%wechat/department%' ORDER BY id desc LIMIT 1   [ RunTime:0.003060s ]
[ sql ] [ SQL ] SELECT COUNT(*) AS tp_count FROM `pb_wechat_department` LIMIT 1   [ RunTime:0.002030s ]
[ sql ] [ SQL ] SELECT * FROM `pb_wechat_department` ORDER BY id desc LIMIT 0,10   [ RunTime:0.002695s ]

[ 2017-04-19T14:46:36+08:00 ] 192.168.1.53 192.168.1.53 GET /admin/wechat/tag.html
[ log ] ymz.ebpb.cn/admin/wechat/tag.html [运行时间：0.124492s] [吞吐率：8.03req/s] [内存消耗：2,682.67kb] [文件加载：55]
[ info ] [ BEHAVIOR ] Run app\common\behavior\AppInit @app_init [ RunTime:0.001923s ]
[ info ] [ ROUTE ] array (
  'type' => 'module',
  'module' => 
  array (
    0 => 'admin',
    1 => 'wechat',
    2 => 'tag',
  ),
)
[ info ] [ SESSION ] INIT array (
  'id' => '',
  'var_session_id' => '',
  'prefix' => 'think',
  'type' => '',
  'auto_start' => true,
)
[ info ] [ CACHE ] INIT File:array (
  'type' => 'File',
  'path' => 'D:\\partybuildeb\\public/..\\runtime\\cache\\',
  'prefix' => '',
  'expire' => 0,
)
[ info ] [ DB ] INIT mysql:array (
  'type' => 'mysql',
  'dsn' => '',
  'hostname' => '192.168.1.54',
  'database' => 'partybuildeb',
  'username' => 'guest',
  'password' => '123456',
  'hostport' => '3306',
  'params' => 
  array (
  ),
  'charset' => 'utf8',
  'prefix' => 'pb_',
  'debug' => true,
  'deploy' => 0,
  'rw_separate' => false,
  'master_num' => 1,
  'slave_no' => '',
  'fields_strict' => true,
  'auto_timestamp' => false,
)
[ info ] [ DB ] CONNECT: mysql:dbname=partybuildeb;host=192.168.1.54;port=3306;charset=utf8
[ info ] [ RUN ] D:\partybuildeb\application\admin\controller\Wechat.php[ array (
) ]
[ info ] [ VIEW ] D:\partybuildeb\public/../application/admin\view\wechat\tag.html [ array (
  0 => '__MENU__',
  1 => 'subMenu',
  2 => 'user',
  3 => '_page',
  4 => '_total',
  5 => 'list',
) ]
[ info ] [ LOG ] INIT File: array (
)
[ sql ] [ SQL ] SELECT * FROM `pb_menu` WHERE  `pid` = 0  AND `hide` = 0  AND `is_dev` = 0 ORDER BY `sort`  asc  [ RunTime:0.003728s ]
[ sql ] [ SQL ] SELECT * FROM `pb_menu` WHERE  `pid` = '1'  AND `hide` = '0' ORDER BY `sort`  asc    [ RunTime:0.003025s ]
[ sql ] [ SQL ] SELECT * FROM `pb_menu` WHERE  `pid` = '5'  AND `hide` = '0' ORDER BY `sort`  asc    [ RunTime:0.003369s ]
[ sql ] [ SQL ] SELECT * FROM `pb_menu` WHERE  `pid` = '6'  AND `hide` = '0' ORDER BY `sort`  asc    [ RunTime:0.003287s ]
[ sql ] [ SQL ] SELECT * FROM `pb_menu` WHERE  `pid` = '25'  AND `hide` = '0' ORDER BY `sort`  asc    [ RunTime:0.002853s ]
[ sql ] [ SQL ] SELECT * FROM `pb_menu` WHERE  `url` LIKE '%wechat/tag%' ORDER BY id desc LIMIT 1   [ RunTime:0.003626s ]
[ sql ] [ SQL ] SELECT COUNT(*) AS tp_count FROM `pb_wechat_tag` LIMIT 1   [ RunTime:0.001991s ]
[ sql ] [ SQL ] SELECT * FROM `pb_wechat_tag` ORDER BY id desc LIMIT 0,10   [ RunTime:0.003331s ]

[ 2017-04-19T14:46:37+08:00 ] 192.168.1.53 192.168.1.53 GET /admin/config/group.html
[ log ] ymz.ebpb.cn/admin/config/group.html [运行时间：0.103076s] [吞吐率：9.70req/s] [内存消耗：2,660.31kb] [文件加载：53]
[ info ] [ BEHAVIOR ] Run app\common\behavior\AppInit @app_init [ RunTime:0.001933s ]
[ info ] [ ROUTE ] array (
  'type' => 'module',
  'module' => 
  array (
    0 => 'admin',
    1 => 'config',
    2 => 'group',
  ),
)
[ info ] [ SESSION ] INIT array (
  'id' => '',
  'var_session_id' => '',
  'prefix' => 'think',
  'type' => '',
  'auto_start' => true,
)
[ info ] [ CACHE ] INIT File:array (
  'type' => 'File',
  'path' => 'D:\\partybuildeb\\public/..\\runtime\\cache\\',
  'prefix' => '',
  'expire' => 0,
)
[ info ] [ DB ] INIT mysql:array (
  'type' => 'mysql',
  'dsn' => '',
  'hostname' => '192.168.1.54',
  'database' => 'partybuildeb',
  'username' => 'guest',
  'password' => '123456',
  'hostport' => '3306',
  'params' => 
  array (
  ),
  'charset' => 'utf8',
  'prefix' => 'pb_',
  'debug' => true,
  'deploy' => 0,
  'rw_separate' => false,
  'master_num' => 1,
  'slave_no' => '',
  'fields_strict' => true,
  'auto_timestamp' => false,
)
[ info ] [ DB ] CONNECT: mysql:dbname=partybuildeb;host=192.168.1.54;port=3306;charset=utf8
[ info ] [ RUN ] D:\partybuildeb\application\admin\controller\Config.php[ array (
) ]
[ info ] [ VIEW ] D:\partybuildeb\public/../application/admin\view\config\group.html [ array (
  0 => '__MENU__',
  1 => 'subMenu',
  2 => 'user',
  3 => 'list',
  4 => 'id',
) ]
[ info ] [ LOG ] INIT File: array (
)
[ sql ] [ SQL ] SELECT * FROM `pb_menu` WHERE  `pid` = 0  AND `hide` = 0  AND `is_dev` = 0 ORDER BY `sort`  asc  [ RunTime:0.003863s ]
[ sql ] [ SQL ] SELECT * FROM `pb_menu` WHERE  `pid` = '1'  AND `hide` = '0' ORDER BY `sort`  asc    [ RunTime:0.003391s ]
[ sql ] [ SQL ] SELECT * FROM `pb_menu` WHERE  `pid` = '5'  AND `hide` = '0' ORDER BY `sort`  asc    [ RunTime:0.003569s ]
[ sql ] [ SQL ] SELECT * FROM `pb_menu` WHERE  `pid` = '6'  AND `hide` = '0' ORDER BY `sort`  asc    [ RunTime:0.002746s ]
[ sql ] [ SQL ] SELECT * FROM `pb_menu` WHERE  `pid` = '25'  AND `hide` = '0' ORDER BY `sort`  asc    [ RunTime:0.002603s ]
[ sql ] [ SQL ] SELECT * FROM `pb_menu` WHERE  `url` LIKE '%config/group%' ORDER BY id desc LIMIT 1   [ RunTime:0.003403s ]
[ sql ] [ SQL ] SELECT `id`,`name`,`title`,`extra`,`value`,`remark`,`type` FROM `pb_config` WHERE  `status` = '1'  AND `group` = '1' ORDER BY sort    [ RunTime:0.003057s ]

[ 2017-04-19T14:46:38+08:00 ] 192.168.1.53 192.168.1.53 GET /admin/menu/index.html
[ log ] ymz.ebpb.cn/admin/menu/index.html [运行时间：0.112239s] [吞吐率：8.91req/s] [内存消耗：2,833.53kb] [文件加载：54]
[ info ] [ BEHAVIOR ] Run app\common\behavior\AppInit @app_init [ RunTime:0.001548s ]
[ info ] [ ROUTE ] array (
  'type' => 'module',
  'module' => 
  array (
    0 => 'admin',
    1 => 'menu',
    2 => 'index',
  ),
)
[ info ] [ SESSION ] INIT array (
  'id' => '',
  'var_session_id' => '',
  'prefix' => 'think',
  'type' => '',
  'auto_start' => true,
)
[ info ] [ CACHE ] INIT File:array (
  'type' => 'File',
  'path' => 'D:\\partybuildeb\\public/..\\runtime\\cache\\',
  'prefix' => '',
  'expire' => 0,
)
[ info ] [ DB ] INIT mysql:array (
  'type' => 'mysql',
  'dsn' => '',
  'hostname' => '192.168.1.54',
  'database' => 'partybuildeb',
  'username' => 'guest',
  'password' => '123456',
  'hostport' => '3306',
  'params' => 
  array (
  ),
  'charset' => 'utf8',
  'prefix' => 'pb_',
  'debug' => true,
  'deploy' => 0,
  'rw_separate' => false,
  'master_num' => 1,
  'slave_no' => '',
  'fields_strict' => true,
  'auto_timestamp' => false,
)
[ info ] [ DB ] CONNECT: mysql:dbname=partybuildeb;host=192.168.1.54;port=3306;charset=utf8
[ info ] [ RUN ] D:\partybuildeb\application\admin\controller\Menu.php[ array (
) ]
[ info ] [ VIEW ] D:\partybuildeb\public/../application/admin\view\menu\index.html [ array (
  0 => '__MENU__',
  1 => 'subMenu',
  2 => 'user',
  3 => 'list',
  4 => 'Menus',
  5 => 'pid',
) ]
[ info ] [ LOG ] INIT File: array (
)
[ sql ] [ SQL ] SELECT * FROM `pb_menu` WHERE  `pid` = 0  AND `hide` = 0  AND `is_dev` = 0 ORDER BY `sort`  asc  [ RunTime:0.004328s ]
[ sql ] [ SQL ] SELECT * FROM `pb_menu` WHERE  `pid` = '1'  AND `hide` = '0' ORDER BY `sort`  asc    [ RunTime:0.003939s ]
[ sql ] [ SQL ] SELECT * FROM `pb_menu` WHERE  `pid` = '5'  AND `hide` = '0' ORDER BY `sort`  asc    [ RunTime:0.002574s ]
[ sql ] [ SQL ] SELECT * FROM `pb_menu` WHERE  `pid` = '6'  AND `hide` = '0' ORDER BY `sort`  asc    [ RunTime:0.002735s ]
[ sql ] [ SQL ] SELECT * FROM `pb_menu` WHERE  `pid` = '25'  AND `hide` = '0' ORDER BY `sort`  asc    [ RunTime:0.002681s ]
[ sql ] [ SQL ] SELECT * FROM `pb_menu` WHERE  `url` LIKE '%menu/index%' ORDER BY id desc LIMIT 1   [ RunTime:0.002973s ]
[ sql ] [ SQL ] SELECT * FROM `pb_menu` WHERE  `pid` = '0' ORDER BY sort asc,id asc   [ RunTime:0.002866s ]
[ sql ] [ SQL ] SELECT `id`,`title` FROM `pb_menu`  [ RunTime:0.003451s ]
[ sql ] [ SQL ] SELECT * FROM `pb_menu`  [ RunTime:0.003903s ]

[ 2017-04-19T14:46:39+08:00 ] 192.168.1.53 192.168.1.53 GET /admin/database/export.html
[ log ] ymz.ebpb.cn/admin/database/export.html [运行时间：0.137049s] [吞吐率：7.30req/s] [内存消耗：2,846.52kb] [文件加载：53]
[ info ] [ BEHAVIOR ] Run app\common\behavior\AppInit @app_init [ RunTime:0.001620s ]
[ info ] [ ROUTE ] array (
  'type' => 'module',
  'module' => 
  array (
    0 => 'admin',
    1 => 'database',
    2 => 'export',
  ),
)
[ info ] [ SESSION ] INIT array (
  'id' => '',
  'var_session_id' => '',
  'prefix' => 'think',
  'type' => '',
  'auto_start' => true,
)
[ info ] [ CACHE ] INIT File:array (
  'type' => 'File',
  'path' => 'D:\\partybuildeb\\public/..\\runtime\\cache\\',
  'prefix' => '',
  'expire' => 0,
)
[ info ] [ DB ] INIT mysql:array (
  'type' => 'mysql',
  'dsn' => '',
  'hostname' => '192.168.1.54',
  'database' => 'partybuildeb',
  'username' => 'guest',
  'password' => '123456',
  'hostport' => '3306',
  'params' => 
  array (
  ),
  'charset' => 'utf8',
  'prefix' => 'pb_',
  'debug' => true,
  'deploy' => 0,
  'rw_separate' => false,
  'master_num' => 1,
  'slave_no' => '',
  'fields_strict' => true,
  'auto_timestamp' => false,
)
[ info ] [ DB ] CONNECT: mysql:dbname=partybuildeb;host=192.168.1.54;port=3306;charset=utf8
[ info ] [ RUN ] D:\partybuildeb\application\admin\controller\Database.php[ array (
  0 => NULL,
  1 => NULL,
  2 => NULL,
) ]
[ info ] [ VIEW ] D:\partybuildeb\public/../application/admin\view\database\export.html [ array (
  0 => '__MENU__',
  1 => 'subMenu',
  2 => 'user',
  3 => 'list',
) ]
[ info ] [ LOG ] INIT File: array (
)
[ sql ] [ SQL ] SELECT * FROM `pb_menu` WHERE  `pid` = 0  AND `hide` = 0  AND `is_dev` = 0 ORDER BY `sort`  asc  [ RunTime:0.003686s ]
[ sql ] [ SQL ] SELECT * FROM `pb_menu` WHERE  `pid` = '1'  AND `hide` = '0' ORDER BY `sort`  asc    [ RunTime:0.002669s ]
[ sql ] [ SQL ] SELECT * FROM `pb_menu` WHERE  `pid` = '5'  AND `hide` = '0' ORDER BY `sort`  asc    [ RunTime:0.002804s ]
[ sql ] [ SQL ] SELECT * FROM `pb_menu` WHERE  `pid` = '6'  AND `hide` = '0' ORDER BY `sort`  asc    [ RunTime:0.002651s ]
[ sql ] [ SQL ] SELECT * FROM `pb_menu` WHERE  `pid` = '25'  AND `hide` = '0' ORDER BY `sort`  asc    [ RunTime:0.003547s ]
[ sql ] [ SQL ] SELECT * FROM `pb_menu` WHERE  `url` LIKE '%database/export%' ORDER BY id desc LIMIT 1   [ RunTime:0.002694s ]
[ sql ] [ SQL ] SHOW TABLE STATUS [ RunTime:0.045211s ]

[ 2017-04-19T14:46:41+08:00 ] 192.168.1.53 192.168.1.53 GET /admin/index/index.html
[ log ] ymz.ebpb.cn/admin/index/index.html [运行时间：0.083476s] [吞吐率：11.98req/s] [内存消耗：2,437.93kb] [文件加载：51]
[ info ] [ BEHAVIOR ] Run app\common\behavior\AppInit @app_init [ RunTime:0.001585s ]
[ info ] [ ROUTE ] array (
  'type' => 'module',
  'module' => 
  array (
    0 => 'admin',
    1 => 'index',
    2 => 'index',
  ),
)
[ info ] [ SESSION ] INIT array (
  'id' => '',
  'var_session_id' => '',
  'prefix' => 'think',
  'type' => '',
  'auto_start' => true,
)
[ info ] [ CACHE ] INIT File:array (
  'type' => 'File',
  'path' => 'D:\\partybuildeb\\public/..\\runtime\\cache\\',
  'prefix' => '',
  'expire' => 0,
)
[ info ] [ DB ] INIT mysql:array (
  'type' => 'mysql',
  'dsn' => '',
  'hostname' => '192.168.1.54',
  'database' => 'partybuildeb',
  'username' => 'guest',
  'password' => '123456',
  'hostport' => '3306',
  'params' => 
  array (
  ),
  'charset' => 'utf8',
  'prefix' => 'pb_',
  'debug' => true,
  'deploy' => 0,
  'rw_separate' => false,
  'master_num' => 1,
  'slave_no' => '',
  'fields_strict' => true,
  'auto_timestamp' => false,
)
[ info ] [ DB ] CONNECT: mysql:dbname=partybuildeb;host=192.168.1.54;port=3306;charset=utf8
[ info ] [ RUN ] D:\partybuildeb\application\admin\controller\Index.php[ array (
) ]
[ info ] [ VIEW ] D:\partybuildeb\public/../application/admin\view\index\index.html [ array (
  0 => '__MENU__',
  1 => 'subMenu',
  2 => 'user',
) ]
[ info ] [ LOG ] INIT File: array (
)
[ sql ] [ SQL ] SELECT * FROM `pb_menu` WHERE  `pid` = 0  AND `hide` = 0  AND `is_dev` = 0 ORDER BY `sort`  asc  [ RunTime:0.003497s ]
[ sql ] [ SQL ] SELECT * FROM `pb_menu` WHERE  `pid` = '1'  AND `hide` = '0' ORDER BY `sort`  asc    [ RunTime:0.002740s ]
[ sql ] [ SQL ] SELECT * FROM `pb_menu` WHERE  `pid` = '5'  AND `hide` = '0' ORDER BY `sort`  asc    [ RunTime:0.002912s ]
[ sql ] [ SQL ] SELECT * FROM `pb_menu` WHERE  `pid` = '6'  AND `hide` = '0' ORDER BY `sort`  asc    [ RunTime:0.003099s ]
[ sql ] [ SQL ] SELECT * FROM `pb_menu` WHERE  `pid` = '25'  AND `hide` = '0' ORDER BY `sort`  asc    [ RunTime:0.002625s ]
[ sql ] [ SQL ] SELECT * FROM `pb_menu` WHERE  `url` LIKE '%index/index%' ORDER BY id desc LIMIT 1   [ RunTime:0.003171s ]

